%このファイルは日本語文字を含みます.
\BOOKMARK [0][-]{chapter.1}{はじめに}{}% 1
\BOOKMARK [0][-]{chapter.2}{背景：音}{}% 2
\BOOKMARK [1][-]{section.2.1}{音の定義}{chapter.2}% 3
\BOOKMARK [2][-]{subsection.2.1.1}{音響信号}{section.2.1}% 4
\BOOKMARK [2][-]{subsection.2.1.2}{楽音}{section.2.1}% 5
\BOOKMARK [1][-]{section.2.2}{音の表現}{chapter.2}% 6
\BOOKMARK [2][-]{subsection.2.2.1}{一次元データと二次元データ}{section.2.2}% 7
\BOOKMARK [2][-]{subsection.2.2.2}{STFT}{section.2.2}% 8
\BOOKMARK [2][-]{subsection.2.2.3}{CQT}{section.2.2}% 9
\BOOKMARK [0][-]{chapter.3}{背景：ニューラルネットワーク}{}% 10
\BOOKMARK [1][-]{section.3.1}{教師あり学習}{chapter.3}% 11
\BOOKMARK [2][-]{subsection.3.1.1}{教師あり学習の目的}{section.3.1}% 12
\BOOKMARK [2][-]{subsection.3.1.2}{教師あり学習モデルの学習と汎化}{section.3.1}% 13
\BOOKMARK [1][-]{section.3.2}{MLP}{chapter.3}% 14
\BOOKMARK [2][-]{subsection.3.2.1}{MLPと脳機能の関係}{section.3.2}% 15
\BOOKMARK [2][-]{subsection.3.2.2}{MLPの構造と定式化}{section.3.2}% 16
\BOOKMARK [2][-]{subsection.3.2.3}{MLPの学習}{section.3.2}% 17
\BOOKMARK [1][-]{section.3.3}{CNN}{chapter.3}% 18
\BOOKMARK [2][-]{subsection.3.3.1}{CNNの構造}{section.3.3}% 19
\BOOKMARK [2][-]{subsection.3.3.2}{畳み込み層}{section.3.3}% 20
\BOOKMARK [2][-]{subsection.3.3.3}{プーリング層}{section.3.3}% 21
\BOOKMARK [2][-]{subsection.3.3.4}{逆畳み込み層}{section.3.3}% 22
\BOOKMARK [1][-]{section.3.4}{GAN}{chapter.3}% 23
\BOOKMARK [2][-]{subsection.3.4.1}{GANの学習}{section.3.4}% 24
\BOOKMARK [2][-]{subsection.3.4.2}{GANの定式化}{section.3.4}% 25
\BOOKMARK [1][-]{section.3.5}{Pix2pix}{chapter.3}% 26
\BOOKMARK [2][-]{subsection.3.5.1}{Pix2pixの定式化}{section.3.5}% 27
\BOOKMARK [2][-]{subsection.3.5.2}{Pix2pixの生成モデル}{section.3.5}% 28
\BOOKMARK [2][-]{subsection.3.5.3}{Pix2pixの識別モデル}{section.3.5}% 29
\BOOKMARK [0][-]{chapter.4}{提案手法}{}% 30
\BOOKMARK [1][-]{section.4.1}{提案手法の目標}{chapter.4}% 31
\BOOKMARK [1][-]{section.4.2}{音の表現}{chapter.4}% 32
\BOOKMARK [1][-]{section.4.3}{提案モデル}{chapter.4}% 33
\BOOKMARK [2][-]{subsection.4.3.1}{生成モデル}{section.4.3}% 34
\BOOKMARK [2][-]{subsection.4.3.2}{識別モデル}{section.4.3}% 35
\BOOKMARK [0][-]{chapter.5}{実験}{}% 36
\BOOKMARK [1][-]{section.5.1}{データセット}{chapter.5}% 37
\BOOKMARK [2][-]{subsection.5.1.1}{音階表記}{section.5.1}% 38
\BOOKMARK [1][-]{section.5.2}{実験方法}{chapter.5}% 39
\BOOKMARK [2][-]{subsection.5.2.1}{提案モデルの表現力の評価実験}{section.5.2}% 40
\BOOKMARK [2][-]{subsection.5.2.2}{提案モデルの汎化能力の評価実験}{section.5.2}% 41
\BOOKMARK [2][-]{subsection.5.2.3}{データ拡張}{section.5.2}% 42
\BOOKMARK [2][-]{subsection.5.2.4}{提案モデルの学習}{section.5.2}% 43
\BOOKMARK [2][-]{subsection.5.2.5}{評価方法}{section.5.2}% 44
\BOOKMARK [1][-]{section.5.3}{実験結果}{chapter.5}% 45
\BOOKMARK [2][-]{subsection.5.3.1}{概要：提案モデルの表現力の評価実験}{section.5.3}% 46
\BOOKMARK [2][-]{subsection.5.3.2}{概要：提案モデルの汎化能力の評価実験}{section.5.3}% 47
\BOOKMARK [2][-]{subsection.5.3.3}{課題}{section.5.3}% 48
\BOOKMARK [0][-]{chapter.6}{まとめ}{}% 49
\BOOKMARK [1][-]{section.6.1}{実験結果のまとめ}{chapter.6}% 50
\BOOKMARK [1][-]{section.6.2}{展望}{chapter.6}% 51
\BOOKMARK [2][-]{subsection.6.2.1}{楽器の重ね合わせ}{section.6.2}% 52
\BOOKMARK [2][-]{subsection.6.2.2}{音の重ね合わせ}{section.6.2}% 53
\BOOKMARK [2][-]{subsection.6.2.3}{音の繋ぎ方}{section.6.2}% 54
\BOOKMARK [0][-]{chapter*.29}{謝辞}{}% 55
\BOOKMARK [0][-]{chapter*.30}{参考文献}{}% 56
\BOOKMARK [0][-]{appendix.A}{Adam}{}% 57
\BOOKMARK [0][-]{appendix.B}{学習時のパラメータ}{}% 58
\BOOKMARK [0][-]{appendix.C}{データセットの分割}{}% 59
\BOOKMARK [0][-]{appendix.D}{実験結果}{}% 60
\BOOKMARK [1][-]{section.D.1}{提案モデルの表現力の評価実験}{appendix.D}% 61
\BOOKMARK [1][-]{section.D.2}{提案モデルの汎化能力の評価実験}{appendix.D}% 62
